[0m15:34:49.177920 [debug] [MainThread]: Sending event: {'category': 'dbt', 'action': 'invocation', 'label': 'start', 'context': [<snowplow_tracker.self_describing_json.SelfDescribingJson object at 0x000001999CF03810>, <snowplow_tracker.self_describing_json.SelfDescribingJson object at 0x00000199A1898C50>, <snowplow_tracker.self_describing_json.SelfDescribingJson object at 0x00000199A18CADD0>]}


============================== 15:34:49.770696 | ea8b7d3a-e4eb-4a48-96fd-45d2aca4353a ==============================
[0m15:34:49.770696 [info ] [MainThread]: Running with dbt=1.11.9
[0m15:34:49.774353 [debug] [MainThread]: running dbt with arguments {'version_check': 'True', 'no_print': 'None', 'static_parser': 'True', 'warn_error_options': 'WarnErrorOptionsV2(error=[], warn=[], silence=[])', 'target_path': 'None', 'printer_width': '80', 'write_json': 'True', 'introspect': 'True', 'log_cache_events': 'False', 'empty': 'None', 'cache_selected_only': 'False', 'log_format': 'default', 'debug': 'False', 'fail_fast': 'False', 'profiles_dir': 'C:\\Users\\thole\\.dbt', 'send_anonymous_usage_stats': 'True', 'quiet': 'False', 'warn_error': 'None', 'partial_parse': 'True', 'use_colors': 'True', 'invocation_command': 'dbt init', 'indirect_selection': 'eager', 'use_experimental_parser': 'False', 'log_path': 'logs'}
[0m15:34:51.253504 [info ] [MainThread]: Creating dbt configuration folder at C:\Users\thole\.dbt
[0m15:35:16.027829 [debug] [MainThread]: Starter project path: S:\Project1\.venv\Lib\site-packages\dbt\include\starter_project
[0m15:35:16.150385 [info ] [MainThread]: 
Your new dbt project "dbtpro1" was created!

For more information on how to configure the profiles.yml file,
please consult the dbt documentation here:

  https://docs.getdbt.com/docs/configure-your-profile

One more thing:

Need help? Don't hesitate to reach out to us via GitHub issues or on Slack:

  https://community.getdbt.com/

Happy modeling!

[0m15:35:16.158497 [info ] [MainThread]: Setting up your profile.
[0m15:35:31.972173 [debug] [MainThread]: Snowflake adapter: Setting snowflake.connector to ERROR (file logging only)
[0m15:35:31.978189 [debug] [MainThread]: Snowflake adapter: Setting botocore to ERROR (file logging only)
[0m15:35:31.978995 [debug] [MainThread]: Snowflake adapter: Setting boto3 to ERROR (file logging only)
[0m15:36:54.075332 [info ] [MainThread]: Profile dbtpro1 written to C:\Users\thole\.dbt\profiles.yml using target's profile_template.yml and your supplied values. Run 'dbt debug' to validate the connection.
[0m15:36:54.081147 [debug] [MainThread]: Command `dbt init` succeeded at 15:36:54.079131 after 125.50 seconds
[0m15:36:54.083164 [debug] [MainThread]: Sending event: {'category': 'dbt', 'action': 'invocation', 'label': 'end', 'context': [<snowplow_tracker.self_describing_json.SelfDescribingJson object at 0x00000199A18EB090>, <snowplow_tracker.self_describing_json.SelfDescribingJson object at 0x0000019999BC25D0>, <snowplow_tracker.self_describing_json.SelfDescribingJson object at 0x0000019999BC2790>]}
[0m15:36:54.083164 [debug] [MainThread]: Flushing usage events
[0m15:36:56.386704 [debug] [MainThread]: An error was encountered while trying to flush usage events
[0m15:37:57.269097 [debug] [MainThread]: Sending event: {'category': 'dbt', 'action': 'invocation', 'label': 'start', 'context': [<snowplow_tracker.self_describing_json.SelfDescribingJson object at 0x0000028DD37A9B50>, <snowplow_tracker.self_describing_json.SelfDescribingJson object at 0x0000028DD354EAD0>, <snowplow_tracker.self_describing_json.SelfDescribingJson object at 0x0000028DD28D2890>]}


============================== 15:37:57.275173 | ae9ceb57-143b-45be-a23f-5e2ed883681f ==============================
[0m15:37:57.275173 [info ] [MainThread]: Running with dbt=1.11.9
[0m15:37:57.283579 [debug] [MainThread]: running dbt with arguments {'version_check': 'True', 'no_print': 'None', 'static_parser': 'True', 'target_path': 'None', 'warn_error_options': 'WarnErrorOptionsV2(error=[], warn=[], silence=[])', 'printer_width': '80', 'write_json': 'True', 'empty': 'None', 'log_cache_events': 'False', 'introspect': 'True', 'cache_selected_only': 'False', 'fail_fast': 'False', 'debug': 'False', 'log_format': 'default', 'profiles_dir': 'C:\\Users\\thole\\.dbt', 'send_anonymous_usage_stats': 'True', 'quiet': 'False', 'warn_error': 'None', 'partial_parse': 'True', 'indirect_selection': 'eager', 'invocation_command': 'dbt debug', 'use_colors': 'True', 'use_experimental_parser': 'False', 'log_path': 'logs'}
[0m15:37:57.394044 [info ] [MainThread]: dbt version: 1.11.9
[0m15:37:57.396064 [info ] [MainThread]: python version: 3.11.9
[0m15:37:57.399172 [info ] [MainThread]: python path: S:\Project1\.venv\Scripts\python.exe
[0m15:37:57.399172 [info ] [MainThread]: os info: Windows-10-10.0.26200-SP0
[0m15:37:58.637991 [debug] [MainThread]: Snowflake adapter: Setting snowflake.connector to ERROR (file logging only)
[0m15:37:58.640099 [debug] [MainThread]: Snowflake adapter: Setting botocore to ERROR (file logging only)
[0m15:37:58.640099 [debug] [MainThread]: Snowflake adapter: Setting boto3 to ERROR (file logging only)
[0m15:37:58.844866 [info ] [MainThread]: Using profiles dir at C:\Users\thole\.dbt
[0m15:37:58.844866 [info ] [MainThread]: Using profiles.yml file at C:\Users\thole\.dbt\profiles.yml
[0m15:37:58.851501 [info ] [MainThread]: Using dbt_project.yml file at S:\Project1\dbt_project.yml
[0m15:37:58.879727 [info ] [MainThread]: adapter type: snowflake
[0m15:37:58.882423 [info ] [MainThread]: adapter version: 1.11.4
[0m15:37:58.884438 [info ] [MainThread]: Configuration:
[0m15:37:58.886452 [info ] [MainThread]:   profiles.yml file [[32mOK found and valid[0m]
[0m15:37:58.887210 [info ] [MainThread]:   dbt_project.yml file [[31mERROR not found[0m]
[0m15:37:58.889124 [info ] [MainThread]: Required dependencies:
[0m15:37:58.892785 [debug] [MainThread]: Executing "git --help"
[0m15:37:59.001705 [debug] [MainThread]: STDOUT: "b"usage: git [-v | --version] [-h | --help] [-C <path>] [-c <name>=<value>]\n           [--exec-path[=<path>]] [--html-path] [--man-path] [--info-path]\n           [-p | --paginate | -P | --no-pager] [--no-replace-objects] [--no-lazy-fetch]\n           [--no-optional-locks] [--no-advice] [--bare] [--git-dir=<path>]\n           [--work-tree=<path>] [--namespace=<name>] [--config-env=<name>=<envvar>]\n           <command> [<args>]\n\nThese are common Git commands used in various situations:\n\nstart a working area (see also: git help tutorial)\n   clone      Clone a repository into a new directory\n   init       Create an empty Git repository or reinitialize an existing one\n\nwork on the current change (see also: git help everyday)\n   add        Add file contents to the index\n   mv         Move or rename a file, a directory, or a symlink\n   restore    Restore working tree files\n   rm         Remove files from the working tree and from the index\n\nexamine the history and state (see also: git help revisions)\n   bisect     Use binary search to find the commit that introduced a bug\n   diff       Show changes between commits, commit and working tree, etc\n   grep       Print lines matching a pattern\n   log        Show commit logs\n   show       Show various types of objects\n   status     Show the working tree status\n\ngrow, mark and tweak your common history\n   backfill   Download missing objects in a partial clone\n   branch     List, create, or delete branches\n   commit     Record changes to the repository\n   history    EXPERIMENTAL: Rewrite history\n   merge      Join two or more development histories together\n   rebase     Reapply commits on top of another base tip\n   reset      Set `HEAD` or the index to a known state\n   switch     Switch branches\n   tag        Create, list, delete or verify tags\n\ncollaborate (see also: git help workflows)\n   fetch      Download objects and refs from another repository\n   pull       Fetch from and integrate with another repository or a local branch\n   push       Update remote refs along with associated objects\n\n'git help -a' and 'git help -g' list available subcommands and some\nconcept guides. See 'git help <command>' or 'git help <concept>'\nto read about a specific subcommand or concept.\nSee 'git help git' for an overview of the system.\n""
[0m15:37:59.001705 [debug] [MainThread]: STDERR: "b''"
[0m15:37:59.006907 [info ] [MainThread]:  - git [[32mOK found[0m]

[0m15:37:59.006907 [info ] [MainThread]: Connection:
[0m15:37:59.006907 [info ] [MainThread]:   account: YCRNURB-YZC02167
[0m15:37:59.011633 [info ] [MainThread]:   user: prabhasnow
[0m15:37:59.013701 [info ] [MainThread]:   database: AIRBNB
[0m15:37:59.016575 [info ] [MainThread]:   warehouse: COMPUTE_WH
[0m15:37:59.017966 [info ] [MainThread]:   role: DE
[0m15:37:59.017966 [info ] [MainThread]:   schema: dbt_schema
[0m15:37:59.017966 [info ] [MainThread]:   authenticator: None
[0m15:37:59.023817 [info ] [MainThread]:   oauth_client_id: None
[0m15:37:59.027845 [info ] [MainThread]:   query_tag: None
[0m15:37:59.029860 [info ] [MainThread]:   client_session_keep_alive: False
[0m15:37:59.031888 [info ] [MainThread]:   host: None
[0m15:37:59.031888 [info ] [MainThread]:   port: None
[0m15:37:59.035565 [info ] [MainThread]:   proxy_host: None
[0m15:37:59.039139 [info ] [MainThread]:   proxy_port: None
[0m15:37:59.042289 [info ] [MainThread]:   protocol: None
[0m15:37:59.042289 [info ] [MainThread]:   connect_retries: 1
[0m15:37:59.042289 [info ] [MainThread]:   connect_timeout: None
[0m15:37:59.048250 [info ] [MainThread]:   retry_on_database_errors: False
[0m15:37:59.050774 [info ] [MainThread]:   retry_all: False
[0m15:37:59.050774 [info ] [MainThread]:   insecure_mode: False
[0m15:37:59.055139 [info ] [MainThread]:   reuse_connections: True
[0m15:37:59.056675 [info ] [MainThread]:   s3_stage_vpce_dns_name: None
[0m15:37:59.056675 [info ] [MainThread]:   platform_detection_timeout_seconds: 0.0
[0m15:37:59.056675 [info ] [MainThread]: Registered adapter: snowflake=1.11.4
[0m15:38:00.298831 [debug] [MainThread]: Acquiring new snowflake connection 'debug'
[0m15:38:07.121924 [debug] [MainThread]: Using snowflake connection "debug"
[0m15:38:07.121924 [debug] [MainThread]: On debug: select 1 as id
[0m15:38:07.121924 [debug] [MainThread]: Opening a new connection, currently in state init
[0m15:38:10.313779 [debug] [MainThread]: SQL status: SUCCESS 1 in 3.192 seconds
[0m15:38:10.322932 [info ] [MainThread]:   Connection test: [[32mOK connection ok[0m]

[0m15:38:10.322932 [info ] [MainThread]: [31m1 check failed:[0m
[0m15:38:10.322932 [info ] [MainThread]: Project loading failed for the following reason:
 project path <S:\Project1\dbt_project.yml> not found

[0m15:38:10.330235 [debug] [MainThread]: Command `dbt debug` failed at 15:38:10.330235 after 13.30 seconds
[0m15:38:10.330235 [debug] [MainThread]: Connection 'debug' was left open.
[0m15:38:10.330235 [debug] [MainThread]: On debug: Close
[0m15:38:11.035258 [debug] [MainThread]: Sending event: {'category': 'dbt', 'action': 'invocation', 'label': 'end', 'context': [<snowplow_tracker.self_describing_json.SelfDescribingJson object at 0x0000028DD354F3D0>, <snowplow_tracker.self_describing_json.SelfDescribingJson object at 0x0000028DCCA5CE10>, <snowplow_tracker.self_describing_json.SelfDescribingJson object at 0x0000028DD379F9D0>]}
[0m15:38:11.035258 [debug] [MainThread]: Flushing usage events
[0m15:38:13.283545 [debug] [MainThread]: An error was encountered while trying to flush usage events
[0m15:41:49.754424 [debug] [MainThread]: Sending event: {'category': 'dbt', 'action': 'invocation', 'label': 'start', 'context': [<snowplow_tracker.self_describing_json.SelfDescribingJson object at 0x00000215056AA290>, <snowplow_tracker.self_describing_json.SelfDescribingJson object at 0x000002150569FF10>, <snowplow_tracker.self_describing_json.SelfDescribingJson object at 0x000002150569ED90>]}


============================== 15:41:49.758493 | 734c592f-44b5-4321-b25c-fe777241fae0 ==============================
[0m15:41:49.758493 [info ] [MainThread]: Running with dbt=1.11.9
[0m15:41:49.767516 [debug] [MainThread]: running dbt with arguments {'version_check': 'True', 'no_print': 'None', 'static_parser': 'True', 'target_path': 'None', 'warn_error_options': 'WarnErrorOptionsV2(error=[], warn=[], silence=[])', 'printer_width': '80', 'write_json': 'True', 'introspect': 'True', 'log_cache_events': 'False', 'empty': 'None', 'cache_selected_only': 'False', 'fail_fast': 'False', 'debug': 'False', 'log_format': 'default', 'profiles_dir': 'C:\\Users\\thole\\.dbt', 'send_anonymous_usage_stats': 'True', 'quiet': 'False', 'warn_error': 'None', 'partial_parse': 'True', 'indirect_selection': 'eager', 'invocation_command': 'dbt debug', 'use_colors': 'True', 'use_experimental_parser': 'False', 'log_path': 'S:\\Project1\\logs'}
[0m15:41:49.824651 [info ] [MainThread]: dbt version: 1.11.9
[0m15:41:49.832827 [info ] [MainThread]: python version: 3.11.9
[0m15:41:49.834443 [info ] [MainThread]: python path: S:\Project1\.venv\Scripts\python.exe
[0m15:41:49.834443 [info ] [MainThread]: os info: Windows-10-10.0.26200-SP0
[0m15:41:51.119283 [debug] [MainThread]: Snowflake adapter: Setting snowflake.connector to ERROR (file logging only)
[0m15:41:51.119283 [debug] [MainThread]: Snowflake adapter: Setting botocore to ERROR (file logging only)
[0m15:41:51.121300 [debug] [MainThread]: Snowflake adapter: Setting boto3 to ERROR (file logging only)
[0m15:41:51.388872 [info ] [MainThread]: Using profiles dir at C:\Users\thole\.dbt
[0m15:41:51.388872 [info ] [MainThread]: Using profiles.yml file at C:\Users\thole\.dbt\profiles.yml
[0m15:41:51.392471 [info ] [MainThread]: Using dbt_project.yml file at S:\Project1\dbt_project.yml
[0m15:41:51.395309 [info ] [MainThread]: adapter type: snowflake
[0m15:41:51.395309 [info ] [MainThread]: adapter version: 1.11.4
[0m15:41:51.659594 [info ] [MainThread]: Configuration:
[0m15:41:51.659594 [info ] [MainThread]:   profiles.yml file [[32mOK found and valid[0m]
[0m15:41:51.659594 [info ] [MainThread]:   dbt_project.yml file [[32mOK found and valid[0m]
[0m15:41:51.659594 [info ] [MainThread]: Required dependencies:
[0m15:41:51.665825 [debug] [MainThread]: Executing "git --help"
[0m15:41:51.769148 [debug] [MainThread]: STDOUT: "b"usage: git [-v | --version] [-h | --help] [-C <path>] [-c <name>=<value>]\n           [--exec-path[=<path>]] [--html-path] [--man-path] [--info-path]\n           [-p | --paginate | -P | --no-pager] [--no-replace-objects] [--no-lazy-fetch]\n           [--no-optional-locks] [--no-advice] [--bare] [--git-dir=<path>]\n           [--work-tree=<path>] [--namespace=<name>] [--config-env=<name>=<envvar>]\n           <command> [<args>]\n\nThese are common Git commands used in various situations:\n\nstart a working area (see also: git help tutorial)\n   clone      Clone a repository into a new directory\n   init       Create an empty Git repository or reinitialize an existing one\n\nwork on the current change (see also: git help everyday)\n   add        Add file contents to the index\n   mv         Move or rename a file, a directory, or a symlink\n   restore    Restore working tree files\n   rm         Remove files from the working tree and from the index\n\nexamine the history and state (see also: git help revisions)\n   bisect     Use binary search to find the commit that introduced a bug\n   diff       Show changes between commits, commit and working tree, etc\n   grep       Print lines matching a pattern\n   log        Show commit logs\n   show       Show various types of objects\n   status     Show the working tree status\n\ngrow, mark and tweak your common history\n   backfill   Download missing objects in a partial clone\n   branch     List, create, or delete branches\n   commit     Record changes to the repository\n   history    EXPERIMENTAL: Rewrite history\n   merge      Join two or more development histories together\n   rebase     Reapply commits on top of another base tip\n   reset      Set `HEAD` or the index to a known state\n   switch     Switch branches\n   tag        Create, list, delete or verify tags\n\ncollaborate (see also: git help workflows)\n   fetch      Download objects and refs from another repository\n   pull       Fetch from and integrate with another repository or a local branch\n   push       Update remote refs along with associated objects\n\n'git help -a' and 'git help -g' list available subcommands and some\nconcept guides. See 'git help <command>' or 'git help <concept>'\nto read about a specific subcommand or concept.\nSee 'git help git' for an overview of the system.\n""
[0m15:41:51.769148 [debug] [MainThread]: STDERR: "b''"
[0m15:41:51.773139 [info ] [MainThread]:  - git [[32mOK found[0m]

[0m15:41:51.773139 [info ] [MainThread]: Connection:
[0m15:41:51.773139 [info ] [MainThread]:   account: YCRNURB-YZC02167
[0m15:41:51.773139 [info ] [MainThread]:   user: prabhasnow
[0m15:41:51.780698 [info ] [MainThread]:   database: AIRBNB
[0m15:41:51.780698 [info ] [MainThread]:   warehouse: COMPUTE_WH
[0m15:41:51.784803 [info ] [MainThread]:   role: DE
[0m15:41:51.787270 [info ] [MainThread]:   schema: dbt_schema
[0m15:41:51.790047 [info ] [MainThread]:   authenticator: None
[0m15:41:51.790047 [info ] [MainThread]:   oauth_client_id: None
[0m15:41:51.790047 [info ] [MainThread]:   query_tag: None
[0m15:41:51.795851 [info ] [MainThread]:   client_session_keep_alive: False
[0m15:41:51.799492 [info ] [MainThread]:   host: None
[0m15:41:51.801562 [info ] [MainThread]:   port: None
[0m15:41:51.801562 [info ] [MainThread]:   proxy_host: None
[0m15:41:51.805937 [info ] [MainThread]:   proxy_port: None
[0m15:41:51.807344 [info ] [MainThread]:   protocol: None
[0m15:41:51.807344 [info ] [MainThread]:   connect_retries: 1
[0m15:41:51.807344 [info ] [MainThread]:   connect_timeout: None
[0m15:41:51.814220 [info ] [MainThread]:   retry_on_database_errors: False
[0m15:41:51.814220 [info ] [MainThread]:   retry_all: False
[0m15:41:51.818375 [info ] [MainThread]:   insecure_mode: False
[0m15:41:51.820400 [info ] [MainThread]:   reuse_connections: True
[0m15:41:51.822465 [info ] [MainThread]:   s3_stage_vpce_dns_name: None
[0m15:41:51.823638 [info ] [MainThread]:   platform_detection_timeout_seconds: 0.0
[0m15:41:51.827637 [info ] [MainThread]: Registered adapter: snowflake=1.11.4
[0m15:41:52.689629 [debug] [MainThread]: Acquiring new snowflake connection 'debug'
[0m15:41:52.894985 [debug] [MainThread]: Using snowflake connection "debug"
[0m15:41:52.896421 [debug] [MainThread]: On debug: select 1 as id
[0m15:41:52.899308 [debug] [MainThread]: Opening a new connection, currently in state init
[0m15:41:55.902821 [debug] [MainThread]: SQL status: SUCCESS 1 in 3.010 seconds
[0m15:41:55.910906 [info ] [MainThread]:   Connection test: [[32mOK connection ok[0m]

[0m15:41:55.910906 [info ] [MainThread]: [32mAll checks passed![0m
[0m15:41:55.916831 [debug] [MainThread]: Command `dbt debug` succeeded at 15:41:55.916831 after 6.43 seconds
[0m15:41:55.916831 [debug] [MainThread]: Connection 'debug' was left open.
[0m15:41:55.919360 [debug] [MainThread]: On debug: Close
[0m15:41:56.639568 [debug] [MainThread]: Sending event: {'category': 'dbt', 'action': 'invocation', 'label': 'end', 'context': [<snowplow_tracker.self_describing_json.SelfDescribingJson object at 0x00000215056C0B90>, <snowplow_tracker.self_describing_json.SelfDescribingJson object at 0x0000021507D98550>, <snowplow_tracker.self_describing_json.SelfDescribingJson object at 0x0000021507D98810>]}
[0m15:41:56.641723 [debug] [MainThread]: Flushing usage events
[0m15:41:59.081500 [debug] [MainThread]: An error was encountered while trying to flush usage events
